[2019-02-20 19:58:51,904][INFO] SERVER BIND [IP : 192.168.0.117:1114]
[2019-02-20 19:58:51,907][INFO] Qprocess Running..
[2019-02-20 19:58:51,907][INFO] --------------MAIN LOOP---------------
[2019-02-20 19:59:21,954][INFO] NOW VOLT : 0.0
[2019-02-20 19:59:52,003][INFO] NOW VOLT : 0.0
[2019-02-20 19:59:52,850][INFO] CLIENT ACCEPT.....
[2019-02-20 19:59:52,851][INFO] socket client connect...
[2019-02-20 19:59:55,524][INFO] SOCKET CLOSE
[2019-02-20 20:00:02,059][INFO] CLIENT ACCEPT.....
[2019-02-20 20:00:02,060][INFO] socket client connect...
[2019-02-20 20:00:22,054][INFO] NOW VOLT : 0.0
[2019-02-20 20:00:52,106][INFO] NOW VOLT : 0.0
[2019-02-20 20:01:22,155][INFO] NOW VOLT : 0.0
[2019-02-20 20:01:52,203][INFO] NOW VOLT : 0.0
[2019-02-20 20:02:22,248][INFO] NOW VOLT : 0.0
[2019-02-20 20:02:52,299][INFO] NOW VOLT : 0.0
[2019-02-20 20:03:18,602][INFO] SOCKET CLOSE
[2019-02-20 20:03:22,346][INFO] NOW VOLT : 0.0
[2019-02-20 20:03:52,393][INFO] NOW VOLT : 0.0
[2019-02-20 20:04:22,440][INFO] NOW VOLT : 0.0
[2019-02-20 20:04:52,484][INFO] NOW VOLT : 0.0
[2019-02-20 20:05:22,528][INFO] NOW VOLT : 0.0
[2019-02-20 20:05:52,571][INFO] NOW VOLT : 0.0
[2019-02-20 20:06:05,456][INFO] CLIENT ACCEPT.....
[2019-02-20 20:06:05,457][INFO] socket client connect...
[2019-02-20 20:06:09,872][INFO] {"power":"scenario","zone_4":4,"cmd":"alignment","zone_3":4,"zone_1":4,"zone_2":4}

[2019-02-20 20:06:09,897][INFO] cmd : alignment power : scenario
[2019-02-20 20:06:10,902][INFO] 2 SOL ON
[2019-02-20 20:06:10,902][INFO] SOL INDEX : 2 DST PSI : 4 ZONE TIMEOUT(s) : 8
[2019-02-20 20:06:19,995][INFO] 3 SOL ON
[2019-02-20 20:06:19,996][INFO] SOL INDEX : 3 DST PSI : 4 ZONE TIMEOUT(s) : 8
[2019-02-20 20:06:23,624][INFO] NOW VOLT : 0.0
[2019-02-20 20:06:29,090][INFO] 4 SOL ON
[2019-02-20 20:06:29,090][INFO] SOL INDEX : 4 DST PSI : 4 ZONE TIMEOUT(s) : 8
[2019-02-20 20:06:31,693][INFO] SOCKET CLOSE
[2019-02-20 20:06:38,184][INFO] 5 SOL ON
[2019-02-20 20:06:38,185][INFO] SOL INDEX : 5 DST PSI : 4 ZONE TIMEOUT(s) : 8
[2019-02-20 20:06:47,279][INFO] alignment : scenario ---------------END----------------
[2019-02-20 20:06:53,690][INFO] NOW VOLT : 0.0
[2019-02-20 20:07:21,256][INFO] CLIENT ACCEPT.....
[2019-02-20 20:07:21,257][INFO] socket client connect...
[2019-02-20 20:07:23,736][INFO] NOW VOLT : 0.0
[2019-02-20 20:07:44,236][INFO] {"power":"scenario","zone_4":4,"cmd":"alignment","zone_3":4,"zone_1":4,"zone_2":4}

[2019-02-20 20:07:44,267][INFO] cmd : alignment power : scenario
[2019-02-20 20:07:45,269][INFO] 2 SOL ON
[2019-02-20 20:07:45,270][INFO] SOL INDEX : 2 DST PSI : 4 ZONE TIMEOUT(s) : 8
[2019-02-20 20:07:54,366][INFO] 3 SOL ON
[2019-02-20 20:07:54,367][INFO] SOL INDEX : 3 DST PSI : 4 ZONE TIMEOUT(s) : 8
[2019-02-20 20:07:54,785][INFO] NOW VOLT : 0.0
[2019-02-20 20:08:03,461][INFO] 4 SOL ON
[2019-02-20 20:08:03,461][INFO] SOL INDEX : 4 DST PSI : 4 ZONE TIMEOUT(s) : 8
[2019-02-20 20:08:12,555][INFO] 5 SOL ON
[2019-02-20 20:08:12,556][INFO] SOL INDEX : 5 DST PSI : 4 ZONE TIMEOUT(s) : 8
[2019-02-20 20:08:21,649][INFO] alignment : scenario ---------------END----------------
[2019-02-20 20:08:24,841][INFO] NOW VOLT : 0.0
[2019-02-20 20:08:54,885][INFO] NOW VOLT : 0.0
[2019-02-20 20:09:24,935][INFO] NOW VOLT : 0.0
[2019-02-20 20:09:54,984][INFO] NOW VOLT : 0.0
[2019-02-20 20:10:25,036][INFO] NOW VOLT : 0.0
[2019-02-20 20:10:55,083][INFO] NOW VOLT : 0.0
[2019-02-20 20:11:25,128][INFO] NOW VOLT : 0.0
[2019-02-20 20:11:55,175][INFO] NOW VOLT : 0.0
[2019-02-20 20:12:25,222][INFO] NOW VOLT : 0.0
[2019-02-20 20:12:52,010][INFO] SOCKET CLOSE
[2019-02-20 20:12:55,269][INFO] NOW VOLT : 0.0
[2019-02-20 20:13:25,314][INFO] NOW VOLT : 0.0
[2019-02-20 20:13:55,360][INFO] NOW VOLT : 0.0
[2019-02-20 20:14:25,405][INFO] NOW VOLT : 0.0
[2019-02-20 20:14:55,452][INFO] NOW VOLT : 0.0
[2019-02-20 20:15:25,497][INFO] NOW VOLT : 0.0
[2019-02-20 20:15:55,541][INFO] NOW VOLT : 0.0
[2019-02-20 20:16:25,588][INFO] NOW VOLT : 0.0
[2019-02-20 20:16:55,634][INFO] NOW VOLT : 0.0
[2019-02-20 20:17:25,679][INFO] NOW VOLT : 0.0
[2019-02-20 20:17:55,725][INFO] NOW VOLT : 0.0
[2019-02-20 20:18:25,772][INFO] NOW VOLT : 0.0
[2019-02-20 20:18:50,424][INFO] CLIENT ACCEPT.....
[2019-02-20 20:18:50,425][INFO] socket client connect...
[2019-02-20 20:18:55,823][INFO] NOW VOLT : 0.0
[2019-02-20 20:19:04,194][INFO] SOCKET CLOSE
[2019-02-20 20:19:08,514][INFO] CLIENT ACCEPT.....
[2019-02-20 20:19:08,516][INFO] socket client connect...
[2019-02-20 20:19:14,643][INFO] {"power":"scenario","zone_4":4,"cmd":"alignment","zone_3":4,"zone_1":4,"zone_2":4}

[2019-02-20 20:19:14,654][INFO] cmd : alignment power : scenario
[2019-02-20 20:19:15,657][INFO] 2 SOL ON
[2019-02-20 20:19:15,658][INFO] SOL INDEX : 2 DST PSI : 4 ZONE TIMEOUT(s) : 8
[2019-02-20 20:19:24,750][INFO] 3 SOL ON
[2019-02-20 20:19:24,751][INFO] SOL INDEX : 3 DST PSI : 4 ZONE TIMEOUT(s) : 8
[2019-02-20 20:19:26,875][INFO] NOW VOLT : 0.0
[2019-02-20 20:19:33,845][INFO] 4 SOL ON
[2019-02-20 20:19:33,846][INFO] SOL INDEX : 4 DST PSI : 4 ZONE TIMEOUT(s) : 8
[2019-02-20 20:19:42,939][INFO] 5 SOL ON
[2019-02-20 20:19:42,940][INFO] SOL INDEX : 5 DST PSI : 4 ZONE TIMEOUT(s) : 8
[2019-02-20 20:19:52,034][INFO] alignment : scenario ---------------END----------------
[2019-02-20 20:19:56,997][INFO] NOW VOLT : 0.0
[2019-02-20 20:20:27,046][INFO] NOW VOLT : 0.0
[2019-02-20 20:20:57,094][INFO] NOW VOLT : 0.0
[2019-02-20 20:21:27,141][INFO] NOW VOLT : 0.0
[2019-02-20 20:21:57,186][INFO] NOW VOLT : 0.0
[2019-02-20 20:22:05,948][INFO] SOCKET CLOSE
[2019-02-20 20:22:27,231][INFO] NOW VOLT : 0.0
[2019-02-20 20:22:57,275][INFO] NOW VOLT : 0.0
[2019-02-20 20:23:27,324][INFO] NOW VOLT : 0.0
[2019-02-20 20:23:57,376][INFO] NOW VOLT : 0.0
[2019-02-20 20:24:27,430][INFO] NOW VOLT : 0.0
[2019-02-20 20:24:36,091][INFO] CLIENT ACCEPT.....
[2019-02-20 20:24:36,092][INFO] socket client connect...
[2019-02-20 20:24:48,663][INFO] {"power":"scenario","zone_4":4,"cmd":"alignment","zone_3":4,"zone_1":4,"zone_2":4}

[2019-02-20 20:24:48,665][INFO] cmd : alignment power : scenario
[2019-02-20 20:24:49,667][INFO] 2 SOL ON
[2019-02-20 20:24:49,668][INFO] SOL INDEX : 2 DST PSI : 4 ZONE TIMEOUT(s) : 8
[2019-02-20 20:24:58,482][INFO] NOW VOLT : 0.0
[2019-02-20 20:24:58,761][INFO] 3 SOL ON
[2019-02-20 20:24:58,762][INFO] SOL INDEX : 3 DST PSI : 4 ZONE TIMEOUT(s) : 8
[2019-02-20 20:25:07,857][INFO] 4 SOL ON
[2019-02-20 20:25:07,858][INFO] SOL INDEX : 4 DST PSI : 4 ZONE TIMEOUT(s) : 8
[2019-02-20 20:25:16,951][INFO] 5 SOL ON
[2019-02-20 20:25:16,953][INFO] SOL INDEX : 5 DST PSI : 4 ZONE TIMEOUT(s) : 8
[2019-02-20 20:25:26,047][INFO] alignment : scenario ---------------END----------------
[2019-02-20 20:25:28,636][INFO] NOW VOLT : 0.0
[2019-02-20 20:25:58,681][INFO] NOW VOLT : 0.0
[2019-02-20 20:26:28,727][INFO] NOW VOLT : 0.0
[2019-02-20 20:26:58,773][INFO] NOW VOLT : 0.0
[2019-02-20 20:27:28,821][INFO] NOW VOLT : 0.0
[2019-02-20 20:27:58,867][INFO] NOW VOLT : 0.0
[2019-02-20 20:28:28,912][INFO] NOW VOLT : 0.0
[2019-02-20 20:28:58,960][INFO] NOW VOLT : 0.0
[2019-02-20 20:29:29,011][INFO] NOW VOLT : 0.0
[2019-02-20 20:29:56,243][INFO] SOCKET CLOSE
[2019-02-20 20:29:59,064][INFO] NOW VOLT : 0.0
[2019-02-20 20:30:29,112][INFO] NOW VOLT : 0.0
[2019-02-20 20:30:59,158][INFO] NOW VOLT : 0.0
[2019-02-20 20:31:29,203][INFO] NOW VOLT : 0.0
[2019-02-20 20:31:59,249][INFO] NOW VOLT : 0.0
[2019-02-20 20:32:29,303][INFO] NOW VOLT : 0.0
[2019-02-20 20:32:59,349][INFO] NOW VOLT : 0.0
[2019-02-20 20:33:29,400][INFO] NOW VOLT : 0.0
[2019-02-20 20:33:59,450][INFO] NOW VOLT : 0.0
[2019-02-20 20:34:29,503][INFO] NOW VOLT : 0.0
[2019-02-20 20:34:59,551][INFO] NOW VOLT : 0.0
[2019-02-20 20:35:29,600][INFO] NOW VOLT : 0.0
[2019-02-20 20:35:59,645][INFO] NOW VOLT : 0.0
[2019-02-20 20:36:29,690][INFO] NOW VOLT : 0.0
[2019-02-20 20:36:59,744][INFO] NOW VOLT : 0.0
[2019-02-20 20:37:29,797][INFO] NOW VOLT : 0.0
[2019-02-20 20:37:59,841][INFO] NOW VOLT : 0.0
[2019-02-20 20:38:29,889][INFO] NOW VOLT : 0.0
[2019-02-20 20:38:59,939][INFO] NOW VOLT : 0.0
[2019-02-20 20:43:43,918][INFO] SERVER BIND [IP : 192.168.0.117:1114]
[2019-02-20 20:43:43,921][INFO] Qprocess Running..
[2019-02-20 20:43:43,921][INFO] --------------MAIN LOOP---------------
[2019-02-20 20:44:13,966][INFO] NOW VOLT : 0.0
[2019-02-20 20:44:39,782][INFO] CLIENT ACCEPT.....
[2019-02-20 20:44:39,783][INFO] socket client connect...
[2019-02-20 20:44:44,011][INFO] NOW VOLT : 0.0
[2019-02-20 20:44:46,833][INFO] {"cmd":"alignment","power":"scenario","zone_1":4,"zone_2":4,"zone_3":4,"zone_4":4}

[2019-02-20 20:44:46,916][INFO] cmd : alignment power : scenario
[2019-02-20 20:44:47,920][INFO] 2 SOL ON
[2019-02-20 20:44:47,921][INFO] SOL INDEX : 2 DST PSI : 4 ZONE TIMEOUT(s) : 8
[2019-02-20 20:44:57,013][INFO] 3 SOL ON
[2019-02-20 20:44:57,014][INFO] SOL INDEX : 3 DST PSI : 4 ZONE TIMEOUT(s) : 8
[2019-02-20 20:45:04,565][INFO] SOCKET CLOSE
[2019-02-20 20:45:06,107][INFO] 4 SOL ON
[2019-02-20 20:45:06,108][INFO] SOL INDEX : 4 DST PSI : 4 ZONE TIMEOUT(s) : 8
[2019-02-20 20:45:15,090][INFO] NOW VOLT : 0.0
[2019-02-20 20:45:15,201][INFO] 5 SOL ON
[2019-02-20 20:45:15,202][INFO] SOL INDEX : 5 DST PSI : 4 ZONE TIMEOUT(s) : 8
[2019-02-20 20:45:24,293][INFO] alignment : scenario ---------------END----------------
[2019-02-20 20:45:45,140][INFO] NOW VOLT : 0.0
[2019-02-20 20:46:15,185][INFO] NOW VOLT : 0.0
[2019-02-20 20:46:45,230][INFO] NOW VOLT : 0.0
[2019-02-20 20:46:58,558][INFO] CLIENT ACCEPT.....
[2019-02-20 20:46:58,560][INFO] socket client connect...
[2019-02-20 20:47:01,971][INFO] {"cmd":"alignment","power":"scenario","zone_1":4,"zone_2":4,"zone_3":4,"zone_4":4}

[2019-02-20 20:47:02,061][INFO] cmd : alignment power : scenario
[2019-02-20 20:47:03,063][INFO] 2 SOL ON
[2019-02-20 20:47:03,064][INFO] SOL INDEX : 2 DST PSI : 4 ZONE TIMEOUT(s) : 8
[2019-02-20 20:47:12,156][INFO] 3 SOL ON
[2019-02-20 20:47:12,157][INFO] SOL INDEX : 3 DST PSI : 4 ZONE TIMEOUT(s) : 8
[2019-02-20 20:47:16,296][INFO] NOW VOLT : 0.0
[2019-02-20 20:47:21,250][INFO] 4 SOL ON
[2019-02-20 20:47:21,251][INFO] SOL INDEX : 4 DST PSI : 4 ZONE TIMEOUT(s) : 8
[2019-02-20 20:47:30,344][INFO] 5 SOL ON
[2019-02-20 20:47:30,345][INFO] SOL INDEX : 5 DST PSI : 4 ZONE TIMEOUT(s) : 8
[2019-02-20 20:47:39,438][INFO] alignment : scenario ---------------END----------------
[2019-02-20 20:47:46,391][INFO] NOW VOLT : 0.0
[2019-02-20 20:48:16,440][INFO] NOW VOLT : 0.0
[2019-02-20 20:48:37,261][INFO] SOCKET CLOSE
[2019-02-20 20:48:46,487][INFO] NOW VOLT : 0.0
[2019-02-20 20:49:07,763][INFO] CLIENT ACCEPT.....
[2019-02-20 20:49:07,765][INFO] socket client connect...
[2019-02-20 20:49:16,534][INFO] NOW VOLT : 0.0
[2019-02-20 20:49:46,580][INFO] NOW VOLT : 0.0
[2019-02-20 20:50:16,630][INFO] NOW VOLT : 0.0
[2019-02-20 20:50:46,678][INFO] NOW VOLT : 0.0
[2019-02-20 20:51:16,723][INFO] NOW VOLT : 0.0
[2019-02-20 20:51:25,392][INFO] SOCKET CLOSE
[2019-02-20 20:51:46,769][INFO] NOW VOLT : 0.0
[2019-02-20 20:52:16,814][INFO] NOW VOLT : 0.0
[2019-02-20 20:52:46,864][INFO] NOW VOLT : 0.0
[2019-02-20 20:53:06,464][INFO] CLIENT ACCEPT.....
[2019-02-20 20:53:06,465][INFO] socket client connect...
[2019-02-20 20:53:16,913][INFO] NOW VOLT : 0.0
[2019-02-20 20:53:40,824][INFO] SOCKET CLOSE
[2019-02-20 20:53:46,962][INFO] NOW VOLT : 0.0
[2019-02-20 20:54:17,016][INFO] NOW VOLT : 0.0
[2019-02-20 20:54:47,061][INFO] NOW VOLT : 0.0
[2019-02-20 20:55:17,113][INFO] NOW VOLT : 0.0
[2019-02-20 20:55:25,239][INFO] CLIENT ACCEPT.....
[2019-02-20 20:55:25,240][INFO] socket client connect...
[2019-02-20 20:55:47,164][INFO] NOW VOLT : 0.0
[2019-02-20 20:56:17,210][INFO] NOW VOLT : 0.0
[2019-02-20 20:56:47,260][INFO] NOW VOLT : 0.0
[2019-02-20 20:57:17,305][INFO] NOW VOLT : 0.0
[2019-02-20 20:57:47,357][INFO] NOW VOLT : 0.0
[2019-02-20 20:58:12,081][INFO] SOCKET CLOSE
[2019-02-20 20:58:17,410][INFO] NOW VOLT : 0.0
[2019-02-20 20:58:47,465][INFO] NOW VOLT : 0.0
[2019-02-20 20:59:17,510][INFO] NOW VOLT : 0.0
[2019-02-20 20:59:47,555][INFO] NOW VOLT : 0.0
[2019-02-20 21:00:17,603][INFO] NOW VOLT : 0.0
[2019-02-20 21:00:47,653][INFO] NOW VOLT : 0.0
[2019-02-20 21:01:17,699][INFO] NOW VOLT : 0.0
[2019-02-20 21:01:47,745][INFO] NOW VOLT : 0.0
[2019-02-20 21:02:17,790][INFO] NOW VOLT : 0.0
[2019-02-20 21:02:47,836][INFO] NOW VOLT : 0.0
[2019-02-20 21:03:17,888][INFO] NOW VOLT : 0.0
[2019-02-20 21:03:47,942][INFO] NOW VOLT : 0.0
[2019-02-20 21:04:17,997][INFO] NOW VOLT : 0.0
[2019-02-20 21:04:48,051][INFO] NOW VOLT : 0.0
[2019-02-20 21:05:18,103][INFO] NOW VOLT : 0.0
[2019-02-20 21:05:48,160][INFO] NOW VOLT : 0.0
[2019-02-20 21:06:18,207][INFO] NOW VOLT : 0.0
[2019-02-20 21:06:48,258][INFO] NOW VOLT : 0.0
[2019-02-20 21:07:18,308][INFO] NOW VOLT : 0.0
[2019-02-20 21:07:48,355][INFO] NOW VOLT : 0.0
[2019-02-20 21:08:18,406][INFO] NOW VOLT : 0.0
[2019-02-20 21:08:48,461][INFO] NOW VOLT : 0.0
[2019-02-20 21:09:18,515][INFO] NOW VOLT : 0.0
[2019-02-20 21:09:48,565][INFO] NOW VOLT : 0.0
[2019-02-20 21:10:01,395][INFO] CLIENT ACCEPT.....
[2019-02-20 21:10:01,396][INFO] socket client connect...
[2019-02-20 21:10:18,614][INFO] NOW VOLT : 0.0
[2019-02-20 21:10:48,660][INFO] NOW VOLT : 0.0
[2019-02-20 21:11:18,711][INFO] NOW VOLT : 0.0
[2019-02-20 21:11:48,762][INFO] NOW VOLT : 0.0
[2019-02-20 21:12:18,808][INFO] NOW VOLT : 0.0
[2019-02-20 21:12:48,854][INFO] NOW VOLT : 0.0
[2019-02-20 21:13:11,030][INFO] SOCKET CLOSE
[2019-02-20 21:13:14,233][INFO] CLIENT ACCEPT.....
[2019-02-20 21:13:14,234][INFO] socket client connect...
[2019-02-20 21:13:18,906][INFO] NOW VOLT : 0.0
[2019-02-20 21:13:48,954][INFO] NOW VOLT : 0.0
[2019-02-20 21:13:50,340][INFO] SOCKET CLOSE
[2019-02-20 21:14:19,001][INFO] NOW VOLT : 0.0
[2019-02-20 21:14:49,052][INFO] NOW VOLT : 0.0
[2019-02-20 21:15:19,098][INFO] NOW VOLT : 0.0
[2019-02-20 21:15:38,161][INFO] CLIENT ACCEPT.....
[2019-02-20 21:15:38,162][INFO] socket client connect...
[2019-02-20 21:15:49,146][INFO] NOW VOLT : 0.0
[2019-02-20 21:16:19,205][INFO] NOW VOLT : 0.0
[2019-02-20 21:16:20,087][INFO] SOCKET CLOSE
[2019-02-20 21:16:49,253][INFO] NOW VOLT : 0.0
[2019-02-20 21:17:19,299][INFO] NOW VOLT : 0.0
[2019-02-20 21:17:49,346][INFO] NOW VOLT : 0.0
[2019-02-20 21:18:03,432][INFO] CLIENT ACCEPT.....
[2019-02-20 21:18:03,434][INFO] socket client connect...
[2019-02-20 21:18:19,397][INFO] NOW VOLT : 0.0
[2019-02-20 21:18:34,183][INFO] SOCKET CLOSE
[2019-02-20 21:18:49,445][INFO] NOW VOLT : 0.0
[2019-02-20 21:19:19,491][INFO] NOW VOLT : 0.0
[2019-02-20 21:19:49,542][INFO] NOW VOLT : 0.0
[2019-02-20 21:20:15,335][INFO] CLIENT ACCEPT.....
[2019-02-20 21:20:15,336][INFO] socket client connect...
[2019-02-20 21:20:19,589][INFO] NOW VOLT : 0.0
[2019-02-20 21:20:49,635][INFO] NOW VOLT : 0.0
[2019-02-20 21:21:19,681][INFO] NOW VOLT : 0.0
[2019-02-20 21:21:22,596][INFO] SOCKET CLOSE
[2019-02-20 21:21:49,728][INFO] NOW VOLT : 0.0
[2019-02-20 21:21:57,120][INFO] CLIENT ACCEPT.....
[2019-02-20 21:21:57,121][INFO] socket client connect...
[2019-02-20 21:22:05,152][INFO] {"cmd":"air","power":"in","zone_1":1.1,"zone_2":1.1,"zone_3":1.1,"zone_4":1.1}

[2019-02-20 21:22:05,153][INFO] cmd : air power : in
[2019-02-20 21:22:05,154][INFO] 2 SOL ON
[2019-02-20 21:22:05,155][INFO] SOL INDEX : 2 DST PSI : 1.1 ZONE TIMEOUT(s) : 8
[2019-02-20 21:22:14,247][INFO] 3 SOL ON
[2019-02-20 21:22:14,248][INFO] SOL INDEX : 3 DST PSI : 1.1 ZONE TIMEOUT(s) : 8
[2019-02-20 21:22:23,341][INFO] 4 SOL ON
[2019-02-20 21:22:23,342][INFO] SOL INDEX : 4 DST PSI : 1.1 ZONE TIMEOUT(s) : 8
[2019-02-20 21:22:32,435][INFO] 5 SOL ON
[2019-02-20 21:22:32,436][INFO] SOL INDEX : 5 DST PSI : 1.1 ZONE TIMEOUT(s) : 8
[2019-02-20 21:22:41,530][INFO] alignment : in ---------------END----------------
[2019-02-20 21:22:56,156][INFO] NOW VOLT : 0.0
[2019-02-20 21:23:07,778][INFO] SOCKET CLOSE
[2019-02-20 21:23:17,660][INFO] CLIENT ACCEPT.....
[2019-02-20 21:23:17,661][INFO] socket client connect...
[2019-02-20 21:23:26,206][INFO] NOW VOLT : 0.0
[2019-02-20 21:23:33,667][INFO] {"cmd":"air","power":"in","zone_1":2.2,"zone_2":2,"zone_3":2,"zone_4":2.1}

[2019-02-20 21:23:33,720][INFO] cmd : air power : in
[2019-02-20 21:23:33,721][INFO] 2 SOL ON
[2019-02-20 21:23:33,722][INFO] SOL INDEX : 2 DST PSI : 2.2 ZONE TIMEOUT(s) : 8
[2019-02-20 21:23:42,816][INFO] 3 SOL ON
[2019-02-20 21:23:42,817][INFO] SOL INDEX : 3 DST PSI : 2 ZONE TIMEOUT(s) : 8
[2019-02-20 21:23:51,911][INFO] 4 SOL ON
[2019-02-20 21:23:51,917][INFO] SOL INDEX : 4 DST PSI : 2 ZONE TIMEOUT(s) : 8
[2019-02-20 21:24:01,011][INFO] 5 SOL ON
[2019-02-20 21:24:01,013][INFO] SOL INDEX : 5 DST PSI : 2.1 ZONE TIMEOUT(s) : 8
[2019-02-20 21:24:10,109][INFO] alignment : in ---------------END----------------
[2019-02-20 21:24:32,647][INFO] NOW VOLT : 0.0
[2019-02-20 21:25:02,701][INFO] NOW VOLT : 0.0
[2019-02-20 21:25:32,754][INFO] NOW VOLT : 0.0
[2019-02-20 21:25:48,434][INFO] SOCKET CLOSE
[2019-02-20 21:25:59,325][INFO] CLIENT ACCEPT.....
[2019-02-20 21:25:59,326][INFO] socket client connect...
[2019-02-20 21:26:02,807][INFO] NOW VOLT : 0.0
[2019-02-20 21:26:03,043][INFO] {"cmd":"alignment","power":"scenario","zone_1":4,"zone_2":4,"zone_3":4,"zone_4":4}

[2019-02-20 21:26:03,108][INFO] cmd : alignment power : scenario
[2019-02-20 21:26:04,112][INFO] 2 SOL ON
[2019-02-20 21:26:04,113][INFO] SOL INDEX : 2 DST PSI : 4 ZONE TIMEOUT(s) : 8
[2019-02-20 21:26:13,205][INFO] 3 SOL ON
[2019-02-20 21:26:13,206][INFO] SOL INDEX : 3 DST PSI : 4 ZONE TIMEOUT(s) : 8
[2019-02-20 21:26:15,329][INFO] {"cmd":"alignment","power":"scenario","zone_1":4,"zone_2":4,"zone_3":4,"zone_4":4}

[2019-02-20 21:26:15,399][INFO] cmd : alignment power : scenario
[2019-02-20 21:26:15,422][INFO] 4 SOL ON
[2019-02-20 21:26:15,423][INFO] SOL INDEX : 4 DST PSI : 4 ZONE TIMEOUT(s) : 8
[2019-02-20 21:26:16,425][INFO] 5 SOL ON
[2019-02-20 21:26:16,426][INFO] SOL INDEX : 5 DST PSI : 4 ZONE TIMEOUT(s) : 8
[2019-02-20 21:26:17,428][INFO] alignment : scenario ---------------END----------------
[2019-02-20 21:26:33,930][INFO] NOW VOLT : 0.0
[2019-02-20 21:26:36,413][INFO] SOCKET CLOSE
[2019-02-20 21:26:39,385][INFO] CLIENT ACCEPT.....
[2019-02-20 21:26:39,386][INFO] socket client connect...
[2019-02-20 21:26:47,946][INFO] {"cmd":"air","power":"in","zone_1":1.7,"zone_2":2.6,"zone_3":3.3,"zone_4":1.1}

[2019-02-20 21:26:47,952][INFO] cmd : air power : in
[2019-02-20 21:26:47,953][INFO] 2 SOL ON
[2019-02-20 21:26:47,953][INFO] SOL INDEX : 2 DST PSI : 1.7 ZONE TIMEOUT(s) : 8
[2019-02-20 21:26:54,428][INFO] SOCKET CLOSE
[2019-02-20 21:26:57,046][INFO] 3 SOL ON
[2019-02-20 21:26:57,047][INFO] SOL INDEX : 3 DST PSI : 2.6 ZONE TIMEOUT(s) : 8
[2019-02-20 21:27:05,229][INFO] CLIENT ACCEPT.....
[2019-02-20 21:27:05,230][INFO] socket client connect...
[2019-02-20 21:27:06,141][INFO] 4 SOL ON
[2019-02-20 21:27:06,142][INFO] SOL INDEX : 4 DST PSI : 3.3 ZONE TIMEOUT(s) : 8
[2019-02-20 21:27:15,235][INFO] 5 SOL ON
[2019-02-20 21:27:15,236][INFO] SOL INDEX : 5 DST PSI : 1.1 ZONE TIMEOUT(s) : 8
[2019-02-20 21:27:24,328][INFO] alignment : in ---------------END----------------
[2019-02-20 21:27:24,330][INFO] {"cmd":"air","power":"in","zone_1":1.1,"zone_2":1.1,"zone_3":1.1,"zone_4":1.1}

[2019-02-20 21:27:24,430][INFO] cmd : air power : in
[2019-02-20 21:27:24,431][INFO] 2 SOL ON
[2019-02-20 21:27:24,432][INFO] SOL INDEX : 2 DST PSI : 1.1 ZONE TIMEOUT(s) : 8
[2019-02-20 21:27:33,524][INFO] 3 SOL ON
[2019-02-20 21:27:33,525][INFO] SOL INDEX : 3 DST PSI : 1.1 ZONE TIMEOUT(s) : 8
[2019-02-20 21:27:42,618][INFO] 4 SOL ON
[2019-02-20 21:27:42,619][INFO] SOL INDEX : 4 DST PSI : 1.1 ZONE TIMEOUT(s) : 8
[2019-02-20 21:27:51,711][INFO] 5 SOL ON
[2019-02-20 21:27:51,712][INFO] SOL INDEX : 5 DST PSI : 1.1 ZONE TIMEOUT(s) : 8
[2019-02-20 21:28:00,804][INFO] alignment : in ---------------END----------------
[2019-02-20 21:28:16,731][INFO] NOW VOLT : 0.0
[2019-02-20 21:28:26,195][INFO] SOCKET CLOSE
[2019-02-20 21:28:46,776][INFO] NOW VOLT : 0.0
